[debug] [2021-12-29T01:26:13.941Z] ----------------------------------------------------------------------
[debug] [2021-12-29T01:26:13.944Z] Command:       C:\Program Files\nodejs\node.exe C:\Users\janaa\AppData\Roaming\npm\node_modules\firebase-tools\lib\bin\firebase.js init
[debug] [2021-12-29T01:26:13.945Z] CLI Version:   9.21.0
[debug] [2021-12-29T01:26:13.945Z] Platform:      win32
[debug] [2021-12-29T01:26:13.945Z] Node Version:  v16.13.1
[debug] [2021-12-29T01:26:13.946Z] Time:          Wed Dec 29 2021 07:26:13 GMT+0600 (East Kazakhstan Time)
[debug] [2021-12-29T01:26:13.947Z] ----------------------------------------------------------------------
[debug] 
[debug] [2021-12-29T01:26:13.951Z] >>> [apiv2][query] GET https://firebase-public.firebaseio.com/cli.json [none]
[debug] [2021-12-29T01:26:13.989Z] > command requires scopes: ["email","openid","https://www.googleapis.com/auth/cloudplatformprojects.readonly","https://www.googleapis.com/auth/firebase","https://www.googleapis.com/auth/cloud-platform"]
[debug] [2021-12-29T01:26:13.989Z] > authorizing via signed-in user (janaalam2929@gmail.com)
[info] 
     ######## #### ########  ######## ########     ###     ######  ########
     ##        ##  ##     ## ##       ##     ##  ##   ##  ##       ##
     ######    ##  ########  ######   ########  #########  ######  ######
     ##        ##  ##    ##  ##       ##     ## ##     ##       ## ##
     ##       #### ##     ## ######## ########  ##     ##  ######  ########

You're about to initialize a Firebase project in this directory:

  C:\projects\time-keeper

Before we get started, keep in mind:

  * You are currently outside your home directory

[debug] [2021-12-29T01:26:15.174Z] <<< [apiv2][status] GET https://firebase-public.firebaseio.com/cli.json 200
[debug] [2021-12-29T01:26:15.174Z] <<< [apiv2][body] GET https://firebase-public.firebaseio.com/cli.json {"cloudBuildErrorAfter":1594252800000,"cloudBuildWarnAfter":1590019200000,"defaultNode10After":1594252800000,"minVersion":"3.0.5","node8DeploysDisabledAfter":1613390400000,"node8RuntimeDisabledAfter":1615809600000,"node8WarnAfter":1600128000000}
